<?xml version="1.0" encoding="UTF-8"?>
<!DOCTYPE mapper PUBLIC "-//mybatis.org//DTD Mapper 3.0//EN" "http://mybatis.org/dtd/mybatis-3-mapper.dtd">

<mapper namespace="com.kyj.fmk.mapper.TestMapper">
<select id="test" resultType="int">
    select userid from test limit 1
</select>
</mapper>